

Version:	3.50
CmdLine:	C:\Users\IVAN\Desktop\proy\E3_MVC_mariaDB\E3_MVC_mariaDB.exe --l4j-debug
JNI:		No
WOW64:		Yes
Working dir:	C:\Users\IVAN\Desktop\proy\E3_MVC_mariaDB\.
Requires JDK:	No
Requires 64-Bit: No
Java min ver:	
Java max ver:	
Substitute:	JAVA_HOME = 
Substitute:	PATH = C:\ProgramData\Oracle\Java\javapath;C:\Windows\system32;C:\Windows;C:\Windows\System32\Wbem;C:\Windows\System32\WindowsPowerShell\v1.0\;C:\Windows\System32\OpenSSH\;C:\Program Files\Java\jdk-22\bin;C:\Users\IVAN\AppData\Local\Microsoft\WindowsApps;C:\Users\IVAN\AppData\Local\Programs\Microsoft VS Code\bin;C:\dev\flutter\bin;C:\Program Files\Java\jdk-22\bin
JRE paths:	;C:\ProgramData\Oracle\Java\javapath;C:\Windows\system32;C:\Windows;C:\Windows\System32\Wbem;C:\Windows\System32\WindowsPowerShell\v1.0\;C:\Windows\System32\OpenSSH\;C:\Program Files\Java\jdk-22\bin;C:\Users\IVAN\AppData\Local\Microsoft\WindowsApps;C:\Users\IVAN\AppData\Local\Programs\Microsoft VS Code\bin;C:\dev\flutter\bin;C:\Program Files\Java\jdk-22\bin
Check launcher:	C:\ProgramData\Oracle\Java\javapath\bin\javaw.exe (not found)
Check launcher:	C:\Windows\system32\bin\javaw.exe (not found)
Check launcher:	C:\Windows\bin\javaw.exe (not found)
Check launcher:	C:\Windows\System32\Wbem\bin\javaw.exe (not found)
Check launcher:	C:\Windows\System32\WindowsPowerShell\v1.0\bin\javaw.exe (not found)
Check launcher:	C:\Windows\System32\OpenSSH\bin\javaw.exe (not found)
Check launcher:	C:\Program Files\Java\jdk-22\bin\javaw.exe (OK)
Version string: 1.022.000_001 / 64-Bit (OK)
Launcher:	C:\Program Files\Java\jdk-22\bin\javaw.exe
Launcher args:	-jar "C:\Users\IVAN\Desktop\proy\E3_MVC_mariaDB\E3_MVC_mariaDB.exe"
Args length:	67/32768 chars
Exit code:	0


Version:	3.50
CmdLine:	C:\Users\IVAN\Desktop\proy\E3_MVC_mariaDB\E3_MVC_mariaDB.exe --l4j-debug
JNI:		No
WOW64:		Yes
Working dir:	C:\Users\IVAN\Desktop\proy\E3_MVC_mariaDB\.
Requires JDK:	No
Requires 64-Bit: No
Java min ver:	
Java max ver:	
Substitute:	JAVA_HOME = 
Substitute:	PATH = C:\ProgramData\Oracle\Java\javapath;C:\Windows\system32;C:\Windows;C:\Windows\System32\Wbem;C:\Windows\System32\WindowsPowerShell\v1.0\;C:\Windows\System32\OpenSSH\;C:\Program Files\Java\jdk-22\bin;C:\Users\IVAN\AppData\Local\Microsoft\WindowsApps;C:\Users\IVAN\AppData\Local\Programs\Microsoft VS Code\bin;C:\dev\flutter\bin;C:\Program Files\Java\jdk-22\bin
JRE paths:	;C:\ProgramData\Oracle\Java\javapath;C:\Windows\system32;C:\Windows;C:\Windows\System32\Wbem;C:\Windows\System32\WindowsPowerShell\v1.0\;C:\Windows\System32\OpenSSH\;C:\Program Files\Java\jdk-22\bin;C:\Users\IVAN\AppData\Local\Microsoft\WindowsApps;C:\Users\IVAN\AppData\Local\Programs\Microsoft VS Code\bin;C:\dev\flutter\bin;C:\Program Files\Java\jdk-22\bin
Check launcher:	C:\ProgramData\Oracle\Java\javapath\bin\javaw.exe (not found)
Check launcher:	C:\Windows\system32\bin\javaw.exe (not found)
Check launcher:	C:\Windows\bin\javaw.exe (not found)
Check launcher:	C:\Windows\System32\Wbem\bin\javaw.exe (not found)
Check launcher:	C:\Windows\System32\WindowsPowerShell\v1.0\bin\javaw.exe (not found)
Check launcher:	C:\Windows\System32\OpenSSH\bin\javaw.exe (not found)
Check launcher:	C:\Program Files\Java\jdk-22\bin\javaw.exe (OK)
Version string: 1.022.000_001 / 64-Bit (OK)
Launcher:	C:\Program Files\Java\jdk-22\bin\javaw.exe
Launcher args:	-jar "C:\Users\IVAN\Desktop\proy\E3_MVC_mariaDB\E3_MVC_mariaDB.exe"
Args length:	67/32768 chars
Exit code:	0
